<?xml version="1.0" encoding="UTF-8"?>
<!-- Generated by org.testng.reporters.JUnitReportReporter -->
<testsuite hostname="DESKTOP-KFCGKBL" failures="0" tests="1" name="Tests.LoginTest" time="22.044" errors="0" timestamp="2021-11-15T12:41:34 IST" skipped="0">
  <testcase classname="Tests.LoginTest" name="actualTest" time="22.044"/>
  <system-out/>
</testsuite> <!-- Tests.LoginTest -->
